Arguments: 
  C:\Program Files\nodejs\node.exe C:\Program Files (x86)\Yarn\bin\yarn.js add typescipt -D

PATH: 
  C:\Program Files\PowerShell\7;C:\Program Files (x86)\Common Files\Intel\Shared Libraries\redist\intel64\compiler;C:\Program Files (x86)\Common Files\Intel\Shared Files\cpp\bin\Intel64;C:\Windows\system32;C:\Windows;C:\Windows\System32\Wbem;C:\Windows\System32\WindowsPowerShell\v1.0\;C:\Windows\System32\OpenSSH\;C:\Program Files (x86)\NVIDIA Corporation\PhysX\Common;C:\WINDOWS\system32;C:\WINDOWS;C:\WINDOWS\System32\Wbem;C:\WINDOWS\System32\WindowsPowerShell\v1.0\;C:\WINDOWS\System32\OpenSSH\;C:\Program Files\Git\cmd;C:\Program Files (x86)\Yarn\bin\;C:\Program Files\nodejs\;C:\Program Files\PowerShell\7\;C:\Program Files (x86)\dotnet\;C:\Users\aakan\AppData\Local\Microsoft\WindowsApps;C:\ProgramData\Microsoft VS Code\bin;C:\Users\aakan\AppData\Local\Yarn\bin;C:\Users\aakan\AppData\Roaming\npm

Yarn version: 
  1.22.19

Node version: 
  18.13.0

Platform: 
  win32 x64

Trace: 
  SyntaxError: D:\file latihan\TugasAkhir\package.json: Unexpected token { in JSON at position 102
      at JSON.parse (<anonymous>)
      at C:\Program Files (x86)\Yarn\lib\cli.js:1629:59
      at Generator.next (<anonymous>)
      at step (C:\Program Files (x86)\Yarn\lib\cli.js:310:30)
      at C:\Program Files (x86)\Yarn\lib\cli.js:321:13

npm manifest: 
  {
    "name": "TugasAkhir",
    "version": "1.0.0",
    "main": "index.js",
    "license": "MIT",
    "scripts" {
      "ts" : "tsc",
      "tsc" : "ts -w",
      "dev" : "nodemon ./build/soal1.js"
    }
  }

yarn manifest: 
  No manifest

Lockfile: 
  No lockfile
